<?xml version="1.0" encoding="UTF-8"?>
<testng-results ignored="0" total="2" passed="1" failed="1" skipped="0">
  <reporter-output>
  </reporter-output>
  <suite started-at="2024-09-06T17:32:33 PKT" name="Default suite" finished-at="2024-09-06T17:32:48 PKT" duration-ms="14579">
    <groups>
    </groups>
    <test started-at="2024-09-06T17:32:33 PKT" name="Default test" finished-at="2024-09-06T17:32:48 PKT" duration-ms="14579">
      <class name="com.parabank.qa.testcases.RegisterPageTestcases">
        <test-method is-config="true" signature="setUp()[pri:0, instance:com.parabank.qa.testcases.RegisterPageTestcases@7ce026d3]" started-at="2024-09-06T17:32:33 PKT" name="setUp" finished-at="2024-09-06T17:32:39 PKT" duration-ms="5280" status="PASS">
          <reporter-output>
          </reporter-output>
        </test-method> <!-- setUp -->
        <test-method signature="VerifyRegisterPageTittle()[pri:1, instance:com.parabank.qa.testcases.RegisterPageTestcases@7ce026d3]" started-at="2024-09-06T17:32:39 PKT" name="VerifyRegisterPageTittle" finished-at="2024-09-06T17:32:41 PKT" duration-ms="2179" status="FAIL">
          <exception class="java.lang.AssertionError">
            <message>
              <![CDATA[expected [Tittle is not matched.] but found [ParaBank | Register for Free Online Account Access]]]>
            </message>
            <full-stacktrace>
              <![CDATA[java.lang.AssertionError: expected [Tittle is not matched.] but found [ParaBank | Register for Free Online Account Access]
at org.testng.Assert.fail(Assert.java:111)
at org.testng.Assert.failNotEquals(Assert.java:1578)
at org.testng.Assert.assertEqualsImpl(Assert.java:150)
at org.testng.Assert.assertEquals(Assert.java:132)
at org.testng.Assert.assertEquals(Assert.java:656)
at org.testng.Assert.assertEquals(Assert.java:666)
at com.parabank.qa.testcases.RegisterPageTestcases.VerifyRegisterPageTittle(RegisterPageTestcases.java:34)
at java.base/jdk.internal.reflect.DirectMethodHandleAccessor.invoke(DirectMethodHandleAccessor.java:103)
at java.base/java.lang.reflect.Method.invoke(Method.java:580)
at org.testng.internal.invokers.MethodInvocationHelper.invokeMethod(MethodInvocationHelper.java:139)
at org.testng.internal.invokers.TestInvoker.invokeMethod(TestInvoker.java:664)
at org.testng.internal.invokers.TestInvoker.invokeTestMethod(TestInvoker.java:228)
at org.testng.internal.invokers.MethodRunner.runInSequence(MethodRunner.java:63)
at org.testng.internal.invokers.TestInvoker$MethodInvocationAgent.invoke(TestInvoker.java:961)
at org.testng.internal.invokers.TestInvoker.invokeTestMethods(TestInvoker.java:201)
at org.testng.internal.invokers.TestMethodWorker.invokeTestMethods(TestMethodWorker.java:148)
at org.testng.internal.invokers.TestMethodWorker.run(TestMethodWorker.java:128)
at java.base/java.util.ArrayList.forEach(ArrayList.java:1597)
at org.testng.TestRunner.privateRun(TestRunner.java:819)
at org.testng.TestRunner.run(TestRunner.java:619)
at org.testng.SuiteRunner.runTest(SuiteRunner.java:443)
at org.testng.SuiteRunner.runSequentially(SuiteRunner.java:437)
at org.testng.SuiteRunner.privateRun(SuiteRunner.java:397)
at org.testng.SuiteRunner.run(SuiteRunner.java:336)
at org.testng.SuiteRunnerWorker.runSuite(SuiteRunnerWorker.java:52)
at org.testng.SuiteRunnerWorker.run(SuiteRunnerWorker.java:95)
at org.testng.TestNG.runSuitesSequentially(TestNG.java:1301)
at org.testng.TestNG.runSuitesLocally(TestNG.java:1228)
at org.testng.TestNG.runSuites(TestNG.java:1134)
at org.testng.TestNG.run(TestNG.java:1101)
at org.testng.remote.AbstractRemoteTestNG.run(AbstractRemoteTestNG.java:115)
at org.testng.remote.RemoteTestNG.initAndRun(RemoteTestNG.java:293)
at org.testng.remote.RemoteTestNG.main(RemoteTestNG.java:91)
]]>
            </full-stacktrace>
          </exception> <!-- java.lang.AssertionError -->
          <reporter-output>
          </reporter-output>
        </test-method> <!-- VerifyRegisterPageTittle -->
        <test-method is-config="true" signature="tearDown()[pri:0, instance:com.parabank.qa.testcases.RegisterPageTestcases@7ce026d3]" started-at="2024-09-06T17:32:41 PKT" name="tearDown" finished-at="2024-09-06T17:32:41 PKT" duration-ms="122" status="PASS">
          <reporter-output>
          </reporter-output>
        </test-method> <!-- tearDown -->
        <test-method is-config="true" signature="setUp()[pri:0, instance:com.parabank.qa.testcases.RegisterPageTestcases@7ce026d3]" started-at="2024-09-06T17:32:41 PKT" name="setUp" finished-at="2024-09-06T17:32:46 PKT" duration-ms="5490" status="PASS">
          <reporter-output>
          </reporter-output>
        </test-method> <!-- setUp -->
        <test-method signature="verifyRegisterPage()[pri:2, instance:com.parabank.qa.testcases.RegisterPageTestcases@7ce026d3]" started-at="2024-09-06T17:32:46 PKT" name="verifyRegisterPage" finished-at="2024-09-06T17:32:48 PKT" duration-ms="1362" status="PASS">
          <reporter-output>
          </reporter-output>
        </test-method> <!-- verifyRegisterPage -->
        <test-method is-config="true" signature="tearDown()[pri:0, instance:com.parabank.qa.testcases.RegisterPageTestcases@7ce026d3]" started-at="2024-09-06T17:32:48 PKT" name="tearDown" finished-at="2024-09-06T17:32:48 PKT" duration-ms="113" status="PASS">
          <reporter-output>
          </reporter-output>
        </test-method> <!-- tearDown -->
      </class> <!-- com.parabank.qa.testcases.RegisterPageTestcases -->
    </test> <!-- Default test -->
  </suite> <!-- Default suite -->
</testng-results>
